# JRE version: OpenJDK Runtime Environment (21.0.4) (build 21.0.4+-12508038-b607.1)
# Java VM: OpenJDK 64-Bit Server VM (21.0.4+-12508038-b607.1, mixed mode, tiered, compressed oops, compressed class ptrs, g1 gc, windows-amd64)
GC Precious Log:
 CardTable entry size: 512
 Card Set container configuration: InlinePtr #cards 5 size 8 Array Of Cards #cards 12 size 40 Howl #buckets 4 coarsen threshold 1843 Howl Bitmap #cards 512 size 80 coarsen threshold 460 Card regions per heap region 1 cards per card region 2048
 CPUs: 8 total, 8 available
 Memory: 8023M
 Large Page Support: Disabled
 NUMA Support: Disabled
 Compressed Oops: Enabled (32-bit)
 Heap Region Size: 1M
 Heap Min Capacity: 8M
 Heap Initial Capacity: 126M
 Heap Max Capacity: 2G
 Pre-touch: Disabled
 Parallel Workers: 8
 Concurrent Workers: 2
 Concurrent Refinement Workers: 8
 Periodic GC: Disabled
Heap:
 garbage-first heap   total 214016K, used 178071K [0x0000000080000000, 0x0000000100000000)
  region size 1024K, 80 young (81920K), 3 survivors (3072K)
 Metaspace       used 115970K, committed 118208K, reserved 1179648K
  class space    used 15382K, committed 16512K, reserved 1048576K
GC Heap History (20 events):
Event: 90.304 GC heap before
{Heap before GC invocations=43 (full 0):
 garbage-first heap   total 161792K, used 118103K [0x0000000080000000, 0x0000000100000000)
  region size 1024K, 10 young (10240K), 5 survivors (5120K)
 Metaspace       used 105273K, committed 107520K, reserved 1179648K
  class space    used 14304K, committed 15424K, reserved 1048576K
}
Event: 90.314 GC heap after
{Heap after GC invocations=44 (full 0):
 garbage-first heap   total 161792K, used 117617K [0x0000000080000000, 0x0000000100000000)
  region size 1024K, 2 young (2048K), 2 survivors (2048K)
 Metaspace       used 105273K, committed 107520K, reserved 1179648K
  class space    used 14304K, committed 15424K, reserved 1048576K
}
Event: 91.410 GC heap before
{Heap before GC invocations=45 (full 0):
 garbage-first heap   total 198656K, used 151409K [0x0000000080000000, 0x0000000100000000)
  region size 1024K, 28 young (28672K), 2 survivors (2048K)
 Metaspace       used 105500K, committed 107712K, reserved 1179648K
  class space    used 14322K, committed 15424K, reserved 1048576K
}
Event: 91.420 GC heap after
{Heap after GC invocations=46 (full 0):
 garbage-first heap   total 198656K, used 120832K [0x0000000080000000, 0x0000000100000000)
  region size 1024K, 4 young (4096K), 4 survivors (4096K)
 Metaspace       used 105500K, committed 107712K, reserved 1179648K
  class space    used 14322K, committed 15424K, reserved 1048576K
}
Event: 92.638 GC heap before
{Heap before GC invocations=46 (full 0):
 garbage-first heap   total 198656K, used 188416K [0x0000000080000000, 0x0000000100000000)
  region size 1024K, 56 young (57344K), 4 survivors (4096K)
 Metaspace       used 106480K, committed 108672K, reserved 1179648K
  class space    used 14406K, committed 15488K, reserved 1048576K
}
Event: 92.656 GC heap after
{Heap after GC invocations=47 (full 0):
 garbage-first heap   total 202752K, used 125375K [0x0000000080000000, 0x0000000100000000)
  region size 1024K, 7 young (7168K), 7 survivors (7168K)
 Metaspace       used 106480K, committed 108672K, reserved 1179648K
  class space    used 14406K, committed 15488K, reserved 1048576K
}
Event: 93.785 GC heap before
{Heap before GC invocations=47 (full 0):
 garbage-first heap   total 202752K, used 178623K [0x0000000080000000, 0x0000000100000000)
  region size 1024K, 60 young (61440K), 7 survivors (7168K)
 Metaspace       used 109633K, committed 111808K, reserved 1179648K
  class space    used 14667K, committed 15744K, reserved 1048576K
}
Event: 93.798 GC heap after
{Heap after GC invocations=48 (full 0):
 garbage-first heap   total 202752K, used 129833K [0x0000000080000000, 0x0000000100000000)
  region size 1024K, 4 young (4096K), 4 survivors (4096K)
 Metaspace       used 109633K, committed 111808K, reserved 1179648K
  class space    used 14667K, committed 15744K, reserved 1048576K
}
Event: 94.679 GC heap before
{Heap before GC invocations=49 (full 0):
 garbage-first heap   total 214016K, used 181033K [0x0000000080000000, 0x0000000100000000)
  region size 1024K, 56 young (57344K), 4 survivors (4096K)
 Metaspace       used 110652K, committed 112832K, reserved 1179648K
  class space    used 14764K, committed 15872K, reserved 1048576K
}
Event: 94.695 GC heap after
{Heap after GC invocations=50 (full 0):
 garbage-first heap   total 214016K, used 133962K [0x0000000080000000, 0x0000000100000000)
  region size 1024K, 7 young (7168K), 7 survivors (7168K)
 Metaspace       used 110652K, committed 112832K, reserved 1179648K
  class space    used 14764K, committed 15872K, reserved 1048576K
}
Event: 95.493 GC heap before
{Heap before GC invocations=50 (full 0):
 garbage-first heap   total 214016K, used 193354K [0x0000000080000000, 0x0000000100000000)
  region size 1024K, 64 young (65536K), 7 survivors (7168K)
 Metaspace       used 110839K, committed 113024K, reserved 1179648K
  class space    used 14786K, committed 15872K, reserved 1048576K
}
Event: 95.506 GC heap after
{Heap after GC invocations=51 (full 0):
 garbage-first heap   total 214016K, used 123869K [0x0000000080000000, 0x0000000100000000)
  region size 1024K, 1 young (1024K), 1 survivors (1024K)
 Metaspace       used 110839K, committed 113024K, reserved 1179648K
  class space    used 14786K, committed 15872K, reserved 1048576K
}
Event: 96.860 GC heap before
{Heap before GC invocations=51 (full 0):
 garbage-first heap   total 214016K, used 195549K [0x0000000080000000, 0x0000000100000000)
  region size 1024K, 72 young (73728K), 1 survivors (1024K)
 Metaspace       used 110904K, committed 113088K, reserved 1179648K
  class space    used 14786K, committed 15872K, reserved 1048576K
}
Event: 96.864 GC heap after
{Heap after GC invocations=52 (full 0):
 garbage-first heap   total 214016K, used 124708K [0x0000000080000000, 0x0000000100000000)
  region size 1024K, 2 young (2048K), 2 survivors (2048K)
 Metaspace       used 110904K, committed 113088K, reserved 1179648K
  class space    used 14786K, committed 15872K, reserved 1048576K
}
Event: 99.043 GC heap before
{Heap before GC invocations=53 (full 0):
 garbage-first heap   total 214016K, used 187206K [0x0000000080000000, 0x0000000100000000)
  region size 1024K, 75 young (76800K), 2 survivors (2048K)
 Metaspace       used 111985K, committed 114240K, reserved 1179648K
  class space    used 14908K, committed 16064K, reserved 1048576K
}
Event: 99.049 GC heap after
{Heap after GC invocations=54 (full 0):
 garbage-first heap   total 214016K, used 109226K [0x0000000080000000, 0x0000000100000000)
  region size 1024K, 2 young (2048K), 2 survivors (2048K)
 Metaspace       used 111985K, committed 114240K, reserved 1179648K
  class space    used 14908K, committed 16064K, reserved 1048576K
}
Event: 113.807 GC heap before
{Heap before GC invocations=54 (full 0):
 garbage-first heap   total 214016K, used 199338K [0x0000000080000000, 0x0000000100000000)
  region size 1024K, 91 young (93184K), 2 survivors (2048K)
 Metaspace       used 114822K, committed 117056K, reserved 1179648K
  class space    used 15257K, committed 16384K, reserved 1048576K
}
Event: 113.843 GC heap after
{Heap after GC invocations=55 (full 0):
 garbage-first heap   total 214016K, used 116379K [0x0000000080000000, 0x0000000100000000)
  region size 1024K, 11 young (11264K), 11 survivors (11264K)
 Metaspace       used 114822K, committed 117056K, reserved 1179648K
  class space    used 15257K, committed 16384K, reserved 1048576K
}
Event: 121.111 GC heap before
{Heap before GC invocations=55 (full 0):
 garbage-first heap   total 214016K, used 191131K [0x0000000080000000, 0x0000000100000000)
  region size 1024K, 83 young (84992K), 11 survivors (11264K)
 Metaspace       used 115794K, committed 118016K, reserved 1179648K
  class space    used 15379K, committed 16512K, reserved 1048576K
}
Event: 121.164 GC heap after
{Heap after GC invocations=56 (full 0):
 garbage-first heap   total 214016K, used 101271K [0x0000000080000000, 0x0000000100000000)
  region size 1024K, 3 young (3072K), 3 survivors (3072K)
 Metaspace       used 115794K, committed 118016K, reserved 1179648K
  class space    used 15379K, committed 16512K, reserved 1048576K
}

